<?xml version="1.0" encoding="UTF-8"?>
<!-- Generated by org.testng.reporters.JUnitReportReporter -->
<testsuite hostname="Chandimal-M" failures="0" tests="1" name="org.zone24x7.tests.LoginTest" time="15.746" errors="0" timestamp="2024-12-06T16:22:25 IST" skipped="0">
  <testcase classname="org.zone24x7.tests.LoginTest" name="DMSDashboardPageLoad" time="15.746"/>
</testsuite> <!-- org.zone24x7.tests.LoginTest -->
